<?xml version="1.0" encoding="UTF-8"?>
<!-- Generated by org.testng.reporters.JUnitReportReporter -->
<testsuite hostname="Hafsah" failures="0" tests="2" name="RegisterServletTest" time="0.004" errors="2" timestamp="26 Feb 2022 01:58:47 GMT">
  <testcase classname="RegisterServletTest" name="checkWebsite" time="0.002">
    <error message="session not created: This version of ChromeDriver only supports Chrome version 99
Current browser version is 98.0.4758.102 with binary path C:\Users\Hafsah\AppData\Local\Google\Chrome\Application\chrome.exe
Build info: version: &#039;3.141.59&#039;, revision: &#039;e82be7d358&#039;, time: &#039;2018-11-14T08:17:03&#039;
System info: host: &#039;HAFSAH&#039;, ip: &#039;192.168.18.8&#039;, os.name: &#039;Windows 10&#039;, os.arch: &#039;amd64&#039;, os.version: &#039;10.0&#039;, java.version: &#039;17.0.1&#039;
Driver info: driver.version: ChromeDriver
remote stacktrace: Backtrace:
	Ordinal0 [0x00E25AD3+2579155]
	Ordinal0 [0x00DBA3E1+2139105]
	Ordinal0 [0x00CB40B8+1065144]
	Ordinal0 [0x00CD3C55+1195093]
	Ordinal0 [0x00CCF89F+1177759]
	Ordinal0 [0x00CCD161+1167713]
	Ordinal0 [0x00CFF9EF+1374703]
	Ordinal0 [0x00CFF61A+1373722]
	Ordinal0 [0x00CFAC96+1354902]
	Ordinal0 [0x00CD5A06+1202694]
	Ordinal0 [0x00CD68E6+1206502]
	GetHandleVerifier [0x00FC10D2+1633810]
	GetHandleVerifier [0x010805FC+2417468]
	GetHandleVerifier [0x00EB3E01+531265]
	GetHandleVerifier [0x00EB2BE6+526630]
	Ordinal0 [0x00DC034B+2163531]
	Ordinal0 [0x00DC50F8+2183416]
	Ordinal0 [0x00DC51E5+2183653]
	Ordinal0 [0x00DCED7C+2223484]
	BaseThreadInitThunk [0x76C06739+25]
	RtlGetFullPathName_UEx [0x77BD8E7F+1215]
	RtlGetFullPathName_UEx [0x77BD8E4D+1165]
" type="org.openqa.selenium.SessionNotCreatedException">
      <![CDATA[org.openqa.selenium.SessionNotCreatedException: session not created: This version of ChromeDriver only supports Chrome version 99
Current browser version is 98.0.4758.102 with binary path C:\Users\Hafsah\AppData\Local\Google\Chrome\Application\chrome.exe
Build info: version: '3.141.59', revision: 'e82be7d358', time: '2018-11-14T08:17:03'
System info: host: 'HAFSAH', ip: '192.168.18.8', os.name: 'Windows 10', os.arch: 'amd64', os.version: '10.0', java.version: '17.0.1'
Driver info: driver.version: ChromeDriver
remote stacktrace: Backtrace:
	Ordinal0 [0x00E25AD3+2579155]
	Ordinal0 [0x00DBA3E1+2139105]
	Ordinal0 [0x00CB40B8+1065144]
	Ordinal0 [0x00CD3C55+1195093]
	Ordinal0 [0x00CCF89F+1177759]
	Ordinal0 [0x00CCD161+1167713]
	Ordinal0 [0x00CFF9EF+1374703]
	Ordinal0 [0x00CFF61A+1373722]
	Ordinal0 [0x00CFAC96+1354902]
	Ordinal0 [0x00CD5A06+1202694]
	Ordinal0 [0x00CD68E6+1206502]
	GetHandleVerifier [0x00FC10D2+1633810]
	GetHandleVerifier [0x010805FC+2417468]
	GetHandleVerifier [0x00EB3E01+531265]
	GetHandleVerifier [0x00EB2BE6+526630]
	Ordinal0 [0x00DC034B+2163531]
	Ordinal0 [0x00DC50F8+2183416]
	Ordinal0 [0x00DC51E5+2183653]
	Ordinal0 [0x00DCED7C+2223484]
	BaseThreadInitThunk [0x76C06739+25]
	RtlGetFullPathName_UEx [0x77BD8E7F+1215]
	RtlGetFullPathName_UEx [0x77BD8E4D+1165]

	at java.base/jdk.internal.reflect.NativeConstructorAccessorImpl.newInstance0(Native Method)
	at java.base/jdk.internal.reflect.NativeConstructorAccessorImpl.newInstance(NativeConstructorAccessorImpl.java:77)
	at java.base/jdk.internal.reflect.DelegatingConstructorAccessorImpl.newInstance(DelegatingConstructorAccessorImpl.java:45)
	at java.base/java.lang.reflect.Constructor.newInstanceWithCaller(Constructor.java:499)
	at java.base/java.lang.reflect.Constructor.newInstance(Constructor.java:480)
	at org.openqa.selenium.remote.W3CHandshakeResponse.lambda$errorHandler$0(W3CHandshakeResponse.java:62)
	at org.openqa.selenium.remote.HandshakeResponse.lambda$getResponseFunction$0(HandshakeResponse.java:30)
	at org.openqa.selenium.remote.ProtocolHandshake.lambda$createSession$0(ProtocolHandshake.java:126)
	at java.base/java.util.stream.ReferencePipeline$3$1.accept(ReferencePipeline.java:197)
	at java.base/java.util.Spliterators$ArraySpliterator.tryAdvance(Spliterators.java:1002)
	at java.base/java.util.stream.ReferencePipeline.forEachWithCancel(ReferencePipeline.java:129)
	at java.base/java.util.stream.AbstractPipeline.copyIntoWithCancel(AbstractPipeline.java:527)
	at java.base/java.util.stream.AbstractPipeline.copyInto(AbstractPipeline.java:513)
	at java.base/java.util.stream.AbstractPipeline.wrapAndCopyInto(AbstractPipeline.java:499)
	at java.base/java.util.stream.FindOps$FindOp.evaluateSequential(FindOps.java:150)
	at java.base/java.util.stream.AbstractPipeline.evaluate(AbstractPipeline.java:234)
	at java.base/java.util.stream.ReferencePipeline.findFirst(ReferencePipeline.java:647)
	at org.openqa.selenium.remote.ProtocolHandshake.createSession(ProtocolHandshake.java:128)
	at org.openqa.selenium.remote.ProtocolHandshake.createSession(ProtocolHandshake.java:74)
	at org.openqa.selenium.remote.HttpCommandExecutor.execute(HttpCommandExecutor.java:136)
	at org.openqa.selenium.remote.service.DriverCommandExecutor.execute(DriverCommandExecutor.java:83)
	at org.openqa.selenium.remote.RemoteWebDriver.execute(RemoteWebDriver.java:552)
	at org.openqa.selenium.remote.RemoteWebDriver.startSession(RemoteWebDriver.java:213)
	at org.openqa.selenium.remote.RemoteWebDriver.<init>(RemoteWebDriver.java:131)
	at org.openqa.selenium.chrome.ChromeDriver.<init>(ChromeDriver.java:181)
	at org.openqa.selenium.chrome.ChromeDriver.<init>(ChromeDriver.java:168)
	at org.openqa.selenium.chrome.ChromeDriver.<init>(ChromeDriver.java:123)
	at RegisterServletTest.beforeTest(RegisterServletTest.java:26)
	at java.base/jdk.internal.reflect.NativeMethodAccessorImpl.invoke0(Native Method)
	at java.base/jdk.internal.reflect.NativeMethodAccessorImpl.invoke(NativeMethodAccessorImpl.java:77)
	at java.base/jdk.internal.reflect.DelegatingMethodAccessorImpl.invoke(DelegatingMethodAccessorImpl.java:43)
	at java.base/java.lang.reflect.Method.invoke(Method.java:568)
	at org.testng.internal.MethodInvocationHelper.invokeMethod(MethodInvocationHelper.java:86)
	at org.testng.internal.Invoker.invokeConfigurationMethod(Invoker.java:514)
	at org.testng.internal.Invoker.invokeConfigurations(Invoker.java:215)
	at org.testng.internal.Invoker.invokeConfigurations(Invoker.java:142)
	at org.testng.TestRunner.beforeRun(TestRunner.java:656)
	at org.testng.TestRunner.run(TestRunner.java:624)
	at org.testng.SuiteRunner.runTest(SuiteRunner.java:366)
	at org.testng.SuiteRunner.runSequentially(SuiteRunner.java:361)
	at org.testng.SuiteRunner.privateRun(SuiteRunner.java:319)
	at org.testng.SuiteRunner.run(SuiteRunner.java:268)
	at org.testng.SuiteRunnerWorker.runSuite(SuiteRunnerWorker.java:52)
	at org.testng.SuiteRunnerWorker.run(SuiteRunnerWorker.java:86)
	at org.testng.TestNG.runSuitesSequentially(TestNG.java:1244)
	at org.testng.TestNG.runSuitesLocally(TestNG.java:1169)
	at org.testng.TestNG.run(TestNG.java:1064)
	at org.testng.remote.AbstractRemoteTestNG.run(AbstractRemoteTestNG.java:115)
	at org.testng.remote.RemoteTestNG.initAndRun(RemoteTestNG.java:251)
	at org.testng.remote.RemoteTestNG.main(RemoteTestNG.java:77)
]]>
    </error>
  </testcase> <!-- checkWebsite -->
  <testcase classname="RegisterServletTest" name="doPostTest" time="0.002">
    <error message="session not created: This version of ChromeDriver only supports Chrome version 99
Current browser version is 98.0.4758.102 with binary path C:\Users\Hafsah\AppData\Local\Google\Chrome\Application\chrome.exe
Build info: version: &#039;3.141.59&#039;, revision: &#039;e82be7d358&#039;, time: &#039;2018-11-14T08:17:03&#039;
System info: host: &#039;HAFSAH&#039;, ip: &#039;192.168.18.8&#039;, os.name: &#039;Windows 10&#039;, os.arch: &#039;amd64&#039;, os.version: &#039;10.0&#039;, java.version: &#039;17.0.1&#039;
Driver info: driver.version: ChromeDriver
remote stacktrace: Backtrace:
	Ordinal0 [0x00E25AD3+2579155]
	Ordinal0 [0x00DBA3E1+2139105]
	Ordinal0 [0x00CB40B8+1065144]
	Ordinal0 [0x00CD3C55+1195093]
	Ordinal0 [0x00CCF89F+1177759]
	Ordinal0 [0x00CCD161+1167713]
	Ordinal0 [0x00CFF9EF+1374703]
	Ordinal0 [0x00CFF61A+1373722]
	Ordinal0 [0x00CFAC96+1354902]
	Ordinal0 [0x00CD5A06+1202694]
	Ordinal0 [0x00CD68E6+1206502]
	GetHandleVerifier [0x00FC10D2+1633810]
	GetHandleVerifier [0x010805FC+2417468]
	GetHandleVerifier [0x00EB3E01+531265]
	GetHandleVerifier [0x00EB2BE6+526630]
	Ordinal0 [0x00DC034B+2163531]
	Ordinal0 [0x00DC50F8+2183416]
	Ordinal0 [0x00DC51E5+2183653]
	Ordinal0 [0x00DCED7C+2223484]
	BaseThreadInitThunk [0x76C06739+25]
	RtlGetFullPathName_UEx [0x77BD8E7F+1215]
	RtlGetFullPathName_UEx [0x77BD8E4D+1165]
" type="org.openqa.selenium.SessionNotCreatedException">
      <![CDATA[org.openqa.selenium.SessionNotCreatedException: session not created: This version of ChromeDriver only supports Chrome version 99
Current browser version is 98.0.4758.102 with binary path C:\Users\Hafsah\AppData\Local\Google\Chrome\Application\chrome.exe
Build info: version: '3.141.59', revision: 'e82be7d358', time: '2018-11-14T08:17:03'
System info: host: 'HAFSAH', ip: '192.168.18.8', os.name: 'Windows 10', os.arch: 'amd64', os.version: '10.0', java.version: '17.0.1'
Driver info: driver.version: ChromeDriver
remote stacktrace: Backtrace:
	Ordinal0 [0x00E25AD3+2579155]
	Ordinal0 [0x00DBA3E1+2139105]
	Ordinal0 [0x00CB40B8+1065144]
	Ordinal0 [0x00CD3C55+1195093]
	Ordinal0 [0x00CCF89F+1177759]
	Ordinal0 [0x00CCD161+1167713]
	Ordinal0 [0x00CFF9EF+1374703]
	Ordinal0 [0x00CFF61A+1373722]
	Ordinal0 [0x00CFAC96+1354902]
	Ordinal0 [0x00CD5A06+1202694]
	Ordinal0 [0x00CD68E6+1206502]
	GetHandleVerifier [0x00FC10D2+1633810]
	GetHandleVerifier [0x010805FC+2417468]
	GetHandleVerifier [0x00EB3E01+531265]
	GetHandleVerifier [0x00EB2BE6+526630]
	Ordinal0 [0x00DC034B+2163531]
	Ordinal0 [0x00DC50F8+2183416]
	Ordinal0 [0x00DC51E5+2183653]
	Ordinal0 [0x00DCED7C+2223484]
	BaseThreadInitThunk [0x76C06739+25]
	RtlGetFullPathName_UEx [0x77BD8E7F+1215]
	RtlGetFullPathName_UEx [0x77BD8E4D+1165]

	at java.base/jdk.internal.reflect.NativeConstructorAccessorImpl.newInstance0(Native Method)
	at java.base/jdk.internal.reflect.NativeConstructorAccessorImpl.newInstance(NativeConstructorAccessorImpl.java:77)
	at java.base/jdk.internal.reflect.DelegatingConstructorAccessorImpl.newInstance(DelegatingConstructorAccessorImpl.java:45)
	at java.base/java.lang.reflect.Constructor.newInstanceWithCaller(Constructor.java:499)
	at java.base/java.lang.reflect.Constructor.newInstance(Constructor.java:480)
	at org.openqa.selenium.remote.W3CHandshakeResponse.lambda$errorHandler$0(W3CHandshakeResponse.java:62)
	at org.openqa.selenium.remote.HandshakeResponse.lambda$getResponseFunction$0(HandshakeResponse.java:30)
	at org.openqa.selenium.remote.ProtocolHandshake.lambda$createSession$0(ProtocolHandshake.java:126)
	at java.base/java.util.stream.ReferencePipeline$3$1.accept(ReferencePipeline.java:197)
	at java.base/java.util.Spliterators$ArraySpliterator.tryAdvance(Spliterators.java:1002)
	at java.base/java.util.stream.ReferencePipeline.forEachWithCancel(ReferencePipeline.java:129)
	at java.base/java.util.stream.AbstractPipeline.copyIntoWithCancel(AbstractPipeline.java:527)
	at java.base/java.util.stream.AbstractPipeline.copyInto(AbstractPipeline.java:513)
	at java.base/java.util.stream.AbstractPipeline.wrapAndCopyInto(AbstractPipeline.java:499)
	at java.base/java.util.stream.FindOps$FindOp.evaluateSequential(FindOps.java:150)
	at java.base/java.util.stream.AbstractPipeline.evaluate(AbstractPipeline.java:234)
	at java.base/java.util.stream.ReferencePipeline.findFirst(ReferencePipeline.java:647)
	at org.openqa.selenium.remote.ProtocolHandshake.createSession(ProtocolHandshake.java:128)
	at org.openqa.selenium.remote.ProtocolHandshake.createSession(ProtocolHandshake.java:74)
	at org.openqa.selenium.remote.HttpCommandExecutor.execute(HttpCommandExecutor.java:136)
	at org.openqa.selenium.remote.service.DriverCommandExecutor.execute(DriverCommandExecutor.java:83)
	at org.openqa.selenium.remote.RemoteWebDriver.execute(RemoteWebDriver.java:552)
	at org.openqa.selenium.remote.RemoteWebDriver.startSession(RemoteWebDriver.java:213)
	at org.openqa.selenium.remote.RemoteWebDriver.<init>(RemoteWebDriver.java:131)
	at org.openqa.selenium.chrome.ChromeDriver.<init>(ChromeDriver.java:181)
	at org.openqa.selenium.chrome.ChromeDriver.<init>(ChromeDriver.java:168)
	at org.openqa.selenium.chrome.ChromeDriver.<init>(ChromeDriver.java:123)
	at RegisterServletTest.beforeTest(RegisterServletTest.java:26)
	at java.base/jdk.internal.reflect.NativeMethodAccessorImpl.invoke0(Native Method)
	at java.base/jdk.internal.reflect.NativeMethodAccessorImpl.invoke(NativeMethodAccessorImpl.java:77)
	at java.base/jdk.internal.reflect.DelegatingMethodAccessorImpl.invoke(DelegatingMethodAccessorImpl.java:43)
	at java.base/java.lang.reflect.Method.invoke(Method.java:568)
	at org.testng.internal.MethodInvocationHelper.invokeMethod(MethodInvocationHelper.java:86)
	at org.testng.internal.Invoker.invokeConfigurationMethod(Invoker.java:514)
	at org.testng.internal.Invoker.invokeConfigurations(Invoker.java:215)
	at org.testng.internal.Invoker.invokeConfigurations(Invoker.java:142)
	at org.testng.TestRunner.beforeRun(TestRunner.java:656)
	at org.testng.TestRunner.run(TestRunner.java:624)
	at org.testng.SuiteRunner.runTest(SuiteRunner.java:366)
	at org.testng.SuiteRunner.runSequentially(SuiteRunner.java:361)
	at org.testng.SuiteRunner.privateRun(SuiteRunner.java:319)
	at org.testng.SuiteRunner.run(SuiteRunner.java:268)
	at org.testng.SuiteRunnerWorker.runSuite(SuiteRunnerWorker.java:52)
	at org.testng.SuiteRunnerWorker.run(SuiteRunnerWorker.java:86)
	at org.testng.TestNG.runSuitesSequentially(TestNG.java:1244)
	at org.testng.TestNG.runSuitesLocally(TestNG.java:1169)
	at org.testng.TestNG.run(TestNG.java:1064)
	at org.testng.remote.AbstractRemoteTestNG.run(AbstractRemoteTestNG.java:115)
	at org.testng.remote.RemoteTestNG.initAndRun(RemoteTestNG.java:251)
	at org.testng.remote.RemoteTestNG.main(RemoteTestNG.java:77)
]]>
    </error>
  </testcase> <!-- doPostTest -->
</testsuite> <!-- RegisterServletTest -->
